Loading data...
Data loaded
Train:	144
Test:	1
[average] Using cache
[center_locs] Generating regions
[center_locs] Generating cities
[center_locs] Generating centers
[center_locs] Generated!
Initial routes:
[Route(path=(0, 6, 41, 38, 7, 39, 23, 26, 14, 25, 48, 10, 0), has_cycles=False, cost=63620.0, var_name='r0'), Route(path=(0, 40, 54, 58, 42, 72, 19, 30, 77, 56, 0), has_cycles=False, cost=152856.0, var_name='r1'), Route(path=(0, 45, 2, 73, 3, 0), has_cycles=False, cost=61340.0, var_name='r2'), Route(path=(0, 20, 28, 37, 31, 63, 0), has_cycles=False, cost=77532.0, var_name='r3'), Route(path=(0, 64, 74, 57, 66, 18, 55, 0), has_cycles=False, cost=91554.0, var_name='r4'), Route(path=(0, 27, 1, 51, 52, 32, 68, 0), has_cycles=False, cost=98667.0, var_name='r5'), Route(path=(0, 67, 65, 75, 12, 11, 17, 0), has_cycles=False, cost=125327.0, var_name='r6'), Route(path=(0, 46, 47, 70, 44, 43, 59, 61, 0), has_cycles=False, cost=148794.0, var_name='r7'), Route(path=(0, 69, 62, 33, 60, 21, 49, 76, 8, 15, 35, 5, 71, 0), has_cycles=False, cost=197582.0, var_name='r8'), Route(path=(0, 9, 29, 53, 13, 50, 36, 24, 16, 34, 4, 22, 0), has_cycles=False, cost=211033.0, var_name='r9')]
Initial dist: 12283.05
Set parameter WLSAccessID
Set parameter WLSSecret
Set parameter LicenseID to value 937385
Academic license - for non-commercial use only - registered to 273693@studenti.unimore.it
Optimizing initial problem
Relaxed problem solved, cost: 10731.250053545251
26/9 [1081097/1081077/1228306] d=10 t=10s
43/16 [1081731/1081650/1228306] d=13 t=20s
69/28 [1082003/1081984/1228306] d=11 t=30s
91/37 [1082297/1082295/1228306] d=23 t=40s
120/49 [1082517/1082509/1228306] d=26 t=50s
137/57 [1082702/1082698/1228306] d=24 t=60s
164/67 [1082792/1082783/1228306] d=21 t=70s
186/77 [1082900/1082880/1228306] d=14 t=80s
211/89 [1082996/1082993/1228306] d=25 t=90s
238/99 [1083112/1083109/1228306] d=29 t=100s
266/111 [1083218/1083217/1228306] d=26 t=111s
283/120 [1083287/1083243/1228306] d=29 t=120s
312/131 [1083427/1083422/1228306] d=23 t=130s
334/140 [1083545/1083539/1228306] d=26 t=140s
361/150 [1083606/1083606/1228306] d=23 t=150s
388/159 [1083710/1083709/1228306] d=28 t=160s
421/171 [1083842/1083842/1228306] d=27 t=170s
451/181 [1083927/1083926/1228306] d=21 t=180s
471/190 [1083986/1083985/1228306] d=33 t=190s
501/204 [1084073/1084061/1228306] d=34 t=200s
527/214 [1084108/1084102/1228306] d=36 t=210s
560/223 [1084173/1084162/1228306] d=26 t=220s
593/236 [1084246/1084237/1228306] d=34 t=230s
620/247 [1084283/1084278/1228306] d=39 t=240s
652/261 [1084315/1084312/1228306] d=31 t=250s
687/270 [1084393/1084386/1228306] d=20 t=260s
716/282 [1084446/1084444/1228306] d=29 t=270s
740/294 [1084489/1084481/1228306] d=37 t=280s
768/304 [1084543/1084538/1228306] d=27 t=290s
799/317 [1084610/1084603/1228306] d=34 t=300s
821/327 [1084646/1084645/1228306] d=38 t=310s
851/340 [1084691/1084689/1228306] d=37 t=320s
866/348 [1084699/1084693/1228306] d=23 t=330s
899/357 [1084735/1084730/1228306] d=33 t=340s
919/367 [1084755/1084752/1228306] d=32 t=350s
945/379 [1084791/1084786/1228306] d=16 t=360s
972/390 [1084831/1084821/1228306] d=39 t=370s
997/403 [1084868/1084867/1228306] d=28 t=380s
1013/414 [1084887/1084883/1228306] d=23 t=390s
1041/427 [1084918/1084917/1228306] d=26 t=400s
1054/440 [1084918/1084918/1228306] d=28 t=411s
1070/453 [1084918/1084918/1228306] d=27 t=420s
1082/462 [1084918/1084918/1228306] d=32 t=430s
1104/476 [1084922/1084918/1228306] d=28 t=440s
1130/490 [1084938/1084937/1228306] d=31 t=450s
1158/503 [1084962/1084961/1228306] d=30 t=460s
1192/513 [1084991/1084990/1228306] d=35 t=470s
1232/525 [1085006/1085006/1228306] d=32 t=480s
1258/534 [1085035/1085034/1228306] d=25 t=490s
1286/546 [1085060/1085059/1228306] d=32 t=500s
1311/558 [1085091/1085081/1228306] d=38 t=510s
1340/571 [1085125/1085119/1228306] d=31 t=520s
1369/582 [1085159/1085144/1228306] d=17 t=530s
1398/595 [1085189/1085188/1228306] d=35 t=540s
1426/608 [1085210/1085208/1228306] d=34 t=550s
1456/619 [1085225/1085223/1228306] d=41 t=560s
1481/628 [1085246/1085245/1228306] d=33 t=570s
1506/638 [1085258/1085257/1228306] d=30 t=580s
1534/648 [1085276/1085274/1228306] d=36 t=590s
1555/657 [1085283/1085283/1228306] d=33 t=600s
1579/669 [1085294/1085294/1228306] d=29 t=610s
1601/682 [1085307/1085307/1228306] d=34 t=620s
1628/693 [1085322/1085322/1228306] d=33 t=630s
1651/706 [1085339/1085337/1228306] d=41 t=640s
1680/716 [1085356/1085353/1228306] d=24 t=650s
1704/728 [1085363/1085363/1228306] d=22 t=660s
1739/740 [1085391/1085389/1228306] d=24 t=671s
1763/750 [1085399/1085399/1228306] d=32 t=680s
1789/760 [1085408/1085408/1228306] d=39 t=690s
1813/770 [1085420/1085418/1228306] d=38 t=700s
1840/778 [1085438/1085436/1228306] d=27 t=710s
1862/786 [1085460/1085459/1228306] d=30 t=720s
1892/796 [1085485/1085484/1228306] d=30 t=730s
1916/806 [1085498/1085498/1228306] d=32 t=740s
1940/814 [1085514/1085513/1228306] d=31 t=750s
1967/825 [1085536/1085536/1228306] d=22 t=760s
1990/834 [1085560/1085559/1228306] d=33 t=771s
2011/840 [1085571/1085569/1228306] d=38 t=780s
2031/848 [1085584/1085584/1228306] d=29 t=790s
2054/859 [1085592/1085591/1228306] d=35 t=800s
2079/868 [1085607/1085607/1228306] d=44 t=810s
2095/877 [1085612/1085611/1228306] d=27 t=820s
2116/886 [1085625/1085624/1228306] d=32 t=830s
2136/896 [1085642/1085635/1228306] d=27 t=840s
2159/904 [1085649/1085649/1228306] d=31 t=850s
2193/914 [1085667/1085667/1228306] d=27 t=860s
2226/924 [1085680/1085679/1228306] d=40 t=870s
2254/934 [1085695/1085694/1228306] d=37 t=880s
2277/945 [1085707/1085706/1228306] d=36 t=890s
2301/957 [1085718/1085716/1228306] d=33 t=900s
2324/964 [1085735/1085734/1228306] d=34 t=910s
2347/975 [1085745/1085744/1228306] d=42 t=920s
2363/983 [1085757/1085757/1228306] d=38 t=930s
2389/992 [1085763/1085763/1228306] d=25 t=940s
2405/1002 [1085770/1085770/1228306] d=38 t=950s
2433/1011 [1085780/1085779/1228306] d=41 t=960s
2459/1026 [1085788/1085787/1228306] d=48 t=970s
2488/1037 [1085803/1085803/1228306] d=24 t=980s
2512/1047 [1085810/1085809/1228306] d=44 t=990s
2535/1059 [1085821/1085821/1228306] d=33 t=1000s
2562/1070 [1085837/1085836/1228306] d=26 t=1010s
2594/1080 [1085850/1085850/1228306] d=35 t=1020s
2621/1094 [1085854/1085854/1228306] d=26 t=1030s
2638/1102 [1085860/1085858/1228306] d=34 t=1040s
2662/1112 [1085870/1085870/1228306] d=35 t=1050s
2688/1122 [1085881/1085881/1228306] d=37 t=1060s
2717/1134 [1085889/1085889/1228306] d=24 t=1070s
2744/1143 [1085895/1085894/1228306] d=38 t=1080s
2765/1155 [1085900/1085900/1228306] d=39 t=1090s
2797/1168 [1085913/1085913/1228306] d=24 t=1100s
2825/1180 [1085927/1085927/1228306] d=29 t=1110s
2850/1191 [1085937/1085936/1228306] d=25 t=1120s
2882/1203 [1085948/1085947/1228306] d=37 t=1130s
2908/1213 [1085953/1085953/1228306] d=37 t=1140s
2933/1225 [1085960/1085959/1228306] d=40 t=1150s
2965/1236 [1085969/1085969/1228306] d=25 t=1160s
2994/1245 [1085984/1085981/1228306] d=38 t=1170s
3025/1257 [1085990/1085990/1228306] d=28 t=1180s
3043/1269 [1085999/1085999/1228306] d=30 t=1190s
3067/1281 [1086006/1086005/1228306] d=37 t=1200s
3100/1292 [1086020/1086019/1228306] d=30 t=1210s
3120/1300 [1086030/1086030/1228306] d=35 t=1220s
3152/1309 [1086043/1086042/1228306] d=29 t=1230s
3175/1321 [1086048/1086048/1228306] d=21 t=1240s
3205/1334 [1086061/1086060/1228306] d=48 t=1250s
3230/1347 [1086074/1086073/1228306] d=42 t=1260s
3251/1357 [1086078/1086077/1228306] d=36 t=1270s
3281/1368 [1086094/1086093/1228306] d=46 t=1280s
3304/1381 [1086101/1086101/1228306] d=31 t=1290s
3333/1391 [1086110/1086109/1228306] d=45 t=1300s
3360/1404 [1086116/1086113/1228306] d=34 t=1310s
3390/1417 [1086123/1086123/1228306] d=37 t=1320s
3413/1431 [1086129/1086129/1228306] d=41 t=1330s
3443/1440 [1086139/1086139/1228306] d=30 t=1340s
3465/1451 [1086145/1086144/1228306] d=37 t=1350s
3490/1462 [1086154/1086154/1228306] d=38 t=1360s
3507/1472 [1086162/1086162/1228306] d=30 t=1370s
3534/1483 [1086172/1086171/1228306] d=41 t=1380s
3556/1497 [1086180/1086180/1228306] d=42 t=1390s
3565/1499 [1086184/1086183/1228306] d=51 t=1400s
3596/1512 [1086194/1086193/1228306] d=44 t=1410s
3622/1526 [1086201/1086200/1228306] d=25 t=1420s
3649/1540 [1086211/1086209/1228306] d=34 t=1430s
3681/1551 [1086219/1086219/1228306] d=37 t=1440s
3708/1566 [1086224/1086224/1228306] d=40 t=1450s
3738/1579 [1086226/1086225/1228306] d=43 t=1460s
3763/1586 [1086234/1086234/1228306] d=27 t=1470s
3794/1597 [1086241/1086241/1228306] d=39 t=1480s
3824/1610 [1086249/1086248/1228306] d=32 t=1490s
3854/1624 [1086256/1086256/1228306] d=38 t=1500s
3884/1636 [1086263/1086262/1228306] d=35 t=1510s
3916/1649 [1086272/1086272/1228306] d=37 t=1521s
3941/1659 [1086279/1086278/1228306] d=24 t=1531s
3957/1670 [1086282/1086281/1228306] d=40 t=1540s
3991/1684 [1086290/1086289/1228306] d=40 t=1550s
4024/1695 [1086303/1086302/1228306] d=33 t=1560s
4054/1707 [1086311/1086309/1228306] d=32 t=1570s
4084/1719 [1086316/1086315/1228306] d=45 t=1580s
4113/1732 [1086322/1086322/1228306] d=32 t=1590s
4148/1740 [1086332/1086332/1228306] d=44 t=1600s
4174/1749 [1086341/1086341/1228306] d=24 t=1610s
4197/1759 [1086348/1086348/1228306] d=32 t=1620s
4219/1773 [1086354/1086353/1228306] d=35 t=1630s
4242/1782 [1086365/1086364/1228306] d=29 t=1640s
4278/1792 [1086375/1086373/1228306] d=28 t=1650s
4309/1806 [1086383/1086382/1228306] d=47 t=1660s
4333/1816 [1086390/1086389/1228306] d=45 t=1670s
4360/1827 [1086405/1086404/1228306] d=36 t=1680s
4378/1837 [1086409/1086408/1228306] d=33 t=1690s
4403/1851 [1086414/1086414/1228306] d=41 t=1700s
4429/1862 [1086419/1086419/1228306] d=30 t=1710s
4456/1876 [1086426/1086426/1228306] d=31 t=1720s
4475/1885 [1086429/1086429/1228306] d=37 t=1730s
4504/1897 [1086438/1086438/1228306] d=35 t=1740s
4536/1908 [1086448/1086447/1228306] d=47 t=1750s
4561/1917 [1086453/1086453/1228306] d=39 t=1760s
4586/1930 [1086459/1086456/1228306] d=39 t=1770s
4615/1940 [1086469/1086469/1228306] d=31 t=1781s
4636/1950 [1086474/1086474/1228306] d=64 t=1790s
4662/1962 [1086482/1086481/1228306] d=42 t=1800s
4688/1972 [1086488/1086488/1228306] d=52 t=1810s
4717/1983 [1086495/1086495/1228306] d=31 t=1821s
4738/1993 [1086498/1086498/1228306] d=27 t=1830s
4771/2003 [1086506/1086505/1228306] d=32 t=1840s
4800/2014 [1086514/1086514/1228306] d=41 t=1850s
4821/2026 [1086518/1086518/1228306] d=30 t=1860s
4845/2038 [1086526/1086525/1228306] d=38 t=1870s
4876/2051 [1086530/1086529/1228306] d=35 t=1880s
4901/2062 [1086538/1086537/1228306] d=27 t=1890s
4925/2076 [1086541/1086541/1228306] d=38 t=1900s
4947/2088 [1086544/1086544/1228306] d=39 t=1910s
4980/2101 [1086550/1086548/1228306] d=38 t=1920s
5011/2115 [1086555/1086555/1228306] d=44 t=1930s
5042/2131 [1086560/1086560/1228306] d=37 t=1940s
5073/2143 [1086564/1086563/1228306] d=21 t=1950s
5094/2157 [1086564/1086564/1228306] d=26 t=1960s
5120/2169 [1086570/1086570/1228306] d=38 t=1970s
5151/2179 [1086575/1086575/1228306] d=41 t=1980s
5179/2188 [1086580/1086579/1228306] d=38 t=1990s
5218/2202 [1086592/1086592/1228306] d=30 t=2000s
5238/2211 [1086596/1086596/1228306] d=40 t=2010s
5260/2222 [1086602/1086602/1228306] d=51 t=2020s
5282/2230 [1086605/1086605/1228306] d=29 t=2030s
5317/2241 [1086613/1086612/1228306] d=44 t=2040s
5350/2252 [1086620/1086620/1228306] d=25 t=2050s
5382/2262 [1086628/1086628/1228306] d=45 t=2060s
5404/2274 [1086634/1086634/1228306] d=43 t=2070s
5432/2286 [1086638/1086637/1228306] d=35 t=2080s
5459/2300 [1086642/1086641/1228306] d=58 t=2090s
5485/2312 [1086648/1086648/1228306] d=32 t=2100s
5518/2324 [1086655/1086655/1228306] d=33 t=2110s
5556/2338 [1086660/1086660/1228306] d=47 t=2120s
5580/2350 [1086667/1086667/1228306] d=44 t=2130s
5602/2359 [1086671/1086671/1228306] d=44 t=2140s
5632/2372 [1086678/1086678/1228306] d=21 t=2150s
5655/2385 [1086680/1086680/1228306] d=36 t=2160s
5676/2395 [1086683/1086683/1228306] d=52 t=2170s
5705/2410 [1086688/1086688/1228306] d=35 t=2180s
5735/2421 [1086698/1086698/1228306] d=40 t=2190s
5765/2433 [1086703/1086702/1228306] d=28 t=2200s
5791/2444 [1086710/1086710/1228306] d=38 t=2210s
5822/2457 [1086717/1086717/1228306] d=42 t=2220s
5849/2469 [1086721/1086720/1228306] d=36 t=2230s
5880/2482 [1086725/1086725/1228306] d=27 t=2240s
5900/2494 [1086726/1086726/1228306] d=28 t=2250s
5935/2508 [1086732/1086732/1228306] d=38 t=2260s
5964/2519 [1086738/1086738/1228306] d=56 t=2270s
5991/2533 [1086742/1086742/1228306] d=31 t=2280s
6013/2543 [1086744/1086744/1228306] d=38 t=2290s
6039/2556 [1086751/1086749/1228306] d=32 t=2300s
6075/2568 [1086758/1086758/1228306] d=47 t=2310s
6108/2579 [1086765/1086764/1228306] d=40 t=2320s
6137/2589 [1086769/1086768/1228306] d=19 t=2330s
6166/2599 [1086773/1086773/1228306] d=33 t=2340s
6203/2610 [1086778/1086778/1228306] d=42 t=2350s
6236/2621 [1086785/1086785/1228306] d=27 t=2360s
6259/2628 [1086789/1086789/1228306] d=59 t=2370s
6288/2639 [1086794/1086794/1228306] d=33 t=2380s
6316/2649 [1086800/1086800/1228306] d=61 t=2390s
6347/2661 [1086810/1086810/1228306] d=34 t=2401s
6373/2669 [1086813/1086813/1228306] d=55 t=2410s
6393/2680 [1086818/1086818/1228306] d=43 t=2420s
6414/2691 [1086821/1086821/1228306] d=43 t=2430s
6449/2706 [1086827/1086827/1228306] d=28 t=2440s
6472/2725 [1086827/1086827/1228306] d=35 t=2450s
6492/2741 [1086827/1086826/1228306] d=33 t=2460s
6510/2756 [1086827/1086826/1228306] d=37 t=2470s
6530/2774 [1086827/1086827/1228306] d=33 t=2480s
6546/2788 [1086827/1086827/1228306] d=37 t=2490s
6563/2800 [1086827/1086827/1228306] d=33 t=2500s
6581/2816 [1086827/1086826/1228306] d=36 t=2510s
6599/2829 [1086827/1086827/1228306] d=38 t=2520s
6609/2836 [1086827/1086827/1228306] d=35 t=2530s
6623/2846 [1086827/1086827/1228306] d=35 t=2541s
6638/2855 [1086827/1086827/1228306] d=39 t=2551s
6651/2865 [1086827/1086827/1228306] d=38 t=2560s
6667/2876 [1086827/1086827/1228306] d=42 t=2570s
6684/2889 [1086827/1086826/1228306] d=37 t=2580s
6702/2903 [1086827/1086827/1228306] d=36 t=2590s
6712/2909 [1086827/1086827/1228306] d=31 t=2600s
6726/2920 [1086827/1086826/1228306] d=38 t=2610s
6745/2930 [1086829/1086829/1228306] d=41 t=2620s
6770/2940 [1086834/1086833/1228306] d=36 t=2630s
6802/2951 [1086840/1086839/1228306] d=38 t=2640s
6834/2963 [1086845/1086845/1228306] d=27 t=2650s
6861/2974 [1086851/1086851/1228306] d=47 t=2660s
6892/2986 [1086855/1086854/1228306] d=48 t=2670s
6916/3001 [1086858/1086857/1228306] d=29 t=2680s
6946/3011 [1086862/1086862/1228306] d=31 t=2690s
6977/3024 [1086866/1086866/1228306] d=47 t=2700s
7007/3034 [1086872/1086872/1228306] d=47 t=2710s
7037/3043 [1086876/1086875/1228306] d=35 t=2720s
7064/3056 [1086879/1086879/1228306] d=45 t=2730s
7080/3068 [1086880/1086880/1228306] d=48 t=2741s
7105/3081 [1086886/1086886/1228306] d=47 t=2750s
7127/3092 [1086895/1086895/1228306] d=40 t=2760s
7160/3105 [1086902/1086902/1228306] d=33 t=2770s
7192/3118 [1086905/1086905/1228306] d=47 t=2780s
7225/3132 [1086908/1086908/1228306] d=36 t=2790s
7258/3146 [1086915/1086915/1228306] d=34 t=2800s
7288/3156 [1086918/1086917/1228306] d=51 t=2810s
7314/3167 [1086921/1086921/1228306] d=37 t=2820s
7330/3176 [1086923/1086922/1228306] d=40 t=2830s
7360/3187 [1086925/1086925/1228306] d=43 t=2840s
7389/3200 [1086930/1086930/1228306] d=37 t=2850s
7417/3215 [1086933/1086933/1228306] d=42 t=2860s
7454/3226 [1086938/1086937/1228306] d=39 t=2870s
7477/3242 [1086940/1086940/1228306] d=48 t=2880s
7507/3253 [1086943/1086943/1228306] d=52 t=2890s
7535/3267 [1086947/1086947/1228306] d=45 t=2900s
7569/3277 [1086951/1086951/1228306] d=29 t=2910s
7598/3289 [1086953/1086953/1228306] d=40 t=2920s
7638/3302 [1086960/1086960/1228306] d=49 t=2930s
7662/3316 [1086964/1086964/1228306] d=42 t=2940s
7682/3327 [1086966/1086966/1228306] d=44 t=2950s
7712/3339 [1086972/1086972/1228306] d=33 t=2960s
7733/3350 [1086974/1086974/1228306] d=49 t=2970s
7753/3357 [1086977/1086976/1228306] d=35 t=2980s
7777/3369 [1086979/1086979/1228306] d=45 t=2990s
7814/3378 [1086983/1086983/1228306] d=31 t=3000s
7846/3392 [1086987/1086987/1228306] d=30 t=3010s
7884/3402 [1086995/1086995/1228306] d=43 t=3020s
7906/3414 [1086999/1086999/1228306] d=34 t=3030s
7939/3427 [1087002/1087002/1228306] d=45 t=3040s
7973/3439 [1087006/1087006/1228306] d=38 t=3050s
7998/3450 [1087010/1087010/1228306] d=34 t=3060s
8027/3458 [1087013/1087013/1228306] d=43 t=3070s
8056/3472 [1087017/1087016/1228306] d=40 t=3080s
8077/3487 [1087019/1087018/1228306] d=40 t=3090s
8106/3502 [1087021/1087021/1228306] d=34 t=3101s
8144/3510 [1087026/1087025/1228306] d=37 t=3110s
8168/3521 [1087028/1087028/1228306] d=43 t=3120s
8200/3534 [1087033/1087032/1228306] d=40 t=3130s
8231/3547 [1087038/1087037/1228306] d=27 t=3140s
8256/3559 [1087040/1087040/1228306] d=43 t=3150s
8288/3570 [1087044/1087044/1228306] d=48 t=3160s
8326/3579 [1087047/1087046/1228306] d=38 t=3170s
8353/3591 [1087048/1087048/1228306] d=36 t=3180s
8380/3604 [1087053/1087053/1228306] d=35 t=3190s
8404/3614 [1087056/1087056/1228306] d=50 t=3200s
8428/3625 [1087059/1087059/1228306] d=40 t=3210s
8454/3635 [1087064/1087064/1228306] d=44 t=3221s
8476/3644 [1087066/1087066/1228306] d=40 t=3230s
8505/3658 [1087067/1087066/1228306] d=60 t=3240s
8531/3669 [1087068/1087067/1228306] d=45 t=3250s
8566/3679 [1087075/1087075/1228306] d=41 t=3260s
8595/3693 [1087077/1087077/1228306] d=70 t=3270s
8626/3706 [1087081/1087081/1228306] d=36 t=3280s
8657/3718 [1087084/1087084/1228306] d=29 t=3290s
8680/3728 [1087088/1087088/1228306] d=23 t=3300s
8697/3736 [1087089/1087089/1228306] d=33 t=3310s
8724/3750 [1087092/1087092/1228306] d=52 t=3320s
8755/3763 [1087098/1087098/1228306] d=38 t=3330s
8778/3772 [1087100/1087100/1228306] d=51 t=3340s
8806/3785 [1087103/1087102/1228306] d=35 t=3350s
8827/3801 [1087103/1087103/1228306] d=46 t=3360s
8851/3813 [1087103/1087103/1228306] d=32 t=3370s
8887/3825 [1087111/1087110/1228306] d=40 t=3380s
8912/3837 [1087113/1087113/1228306] d=36 t=3390s
8943/3848 [1087116/1087116/1228306] d=31 t=3400s
8970/3861 [1087119/1087119/1228306] d=44 t=3410s
9006/3873 [1087125/1087125/1228306] d=18 t=3420s
9033/3884 [1087127/1087127/1228306] d=32 t=3430s
9062/3896 [1087131/1087131/1228306] d=35 t=3440s
9088/3906 [1087133/1087133/1228306] d=47 t=3451s
9114/3916 [1087136/1087136/1228306] d=23 t=3460s
9139/3926 [1087139/1087138/1228306] d=40 t=3470s
9158/3935 [1087143/1087143/1228306] d=23 t=3481s
9186/3942 [1087145/1087145/1228306] d=39 t=3490s
9214/3954 [1087147/1087147/1228306] d=40 t=3500s
9241/3962 [1087149/1087149/1228306] d=42 t=3512s
9271/3972 [1087154/1087154/1228306] d=33 t=3521s
9291/3983 [1087155/1087155/1228306] d=34 t=3530s
9321/3996 [1087159/1087159/1228306] d=56 t=3540s
9340/4005 [1087162/1087162/1228306] d=44 t=3550s
9378/4016 [1087167/1087167/1228306] d=39 t=3560s
9398/4029 [1087169/1087169/1228306] d=39 t=3570s
9426/4039 [1087173/1087173/1228306] d=36 t=3580s
9455/4050 [1087177/1087176/1228306] d=40 t=3590s
9477/4061 [1087179/1087178/1228306] d=23 t=3600s
9493/4075 [1087179/1087179/1228306] d=27 t=3610s
9507/4087 [1087179/1087178/1228306] d=27 t=3620s
9524/4097 [1087180/1087179/1228306] d=39 t=3630s
9546/4107 [1087181/1087181/1228306] d=39 t=3640s
9570/4117 [1087185/1087185/1228306] d=39 t=3651s
9593/4129 [1087186/1087186/1228306] d=39 t=3660s
9616/4141 [1087191/1087191/1228306] d=43 t=3670s
9638/4150 [1087193/1087193/1228306] d=53 t=3680s
9660/4163 [1087194/1087194/1228306] d=46 t=3690s
9686/4170 [1087199/1087199/1228306] d=43 t=3700s
9717/4178 [1087202/1087202/1228306] d=30 t=3710s
9737/4189 [1087204/1087204/1228306] d=38 t=3720s
9763/4200 [1087206/1087206/1228306] d=48 t=3730s
9784/4211 [1087209/1087209/1228306] d=36 t=3740s
9814/4221 [1087214/1087214/1228306] d=47 t=3750s
9839/4231 [1087217/1087217/1228306] d=41 t=3760s
9858/4241 [1087218/1087218/1228306] d=38 t=3770s
9883/4252 [1087221/1087221/1228306] d=47 t=3780s
9908/4263 [1087225/1087225/1228306] d=47 t=3790s
9926/4272 [1087228/1087228/1228306] d=34 t=3800s
9967/4284 [1087235/1087235/1228306] d=35 t=3810s
9996/4294 [1087237/1087237/1228306] d=49 t=3820s
10012/4300 [1087238/1087238/1228306] d=41 t=3830s
10041/4310 [1087242/1087242/1228306] d=39 t=3840s
10071/4321 [1087247/1087247/1228306] d=42 t=3850s
10095/4333 [1087248/1087248/1228306] d=50 t=3860s
10124/4344 [1087250/1087250/1228306] d=24 t=3870s
10152/4354 [1087253/1087253/1228306] d=47 t=3880s
10175/4364 [1087257/1087257/1228306] d=43 t=3890s
10216/4376 [1087261/1087261/1228306] d=43 t=3900s
10240/4389 [1087264/1087264/1228306] d=25 t=3910s
10256/4403 [1087264/1087264/1228306] d=32 t=3920s
10272/4415 [1087264/1087264/1228306] d=28 t=3930s
10286/4425 [1087264/1087264/1228306] d=33 t=3940s
10302/4435 [1087264/1087264/1228306] d=32 t=3950s
10314/4445 [1087264/1087264/1228306] d=41 t=3960s
10331/4456 [1087265/1087265/1228306] d=54 t=3970s
10364/4467 [1087267/1087267/1228306] d=34 t=3980s
10391/4480 [1087270/1087269/1228306] d=37 t=3990s
10419/4490 [1087273/1087273/1228306] d=36 t=4000s
10442/4503 [1087277/1087277/1228306] d=47 t=4010s
10468/4513 [1087279/1087279/1228306] d=36 t=4020s
10489/4525 [1087281/1087281/1228306] d=44 t=4030s
10513/4534 [1087283/1087283/1228306] d=33 t=4040s
10544/4546 [1087289/1087289/1228306] d=34 t=4050s
10572/4555 [1087291/1087291/1228306] d=36 t=4060s
10591/4567 [1087293/1087293/1228306] d=63 t=4070s
10608/4573 [1087295/1087294/1228306] d=42 t=4080s
10633/4583 [1087297/1087297/1228306] d=54 t=4090s
10664/4595 [1087302/1087302/1228306] d=35 t=4101s
10688/4604 [1087304/1087303/1228306] d=45 t=4110s
10711/4615 [1087307/1087307/1228306] d=18 t=4120s
10745/4628 [1087311/1087310/1228306] d=33 t=4130s
10776/4637 [1087315/1087314/1228306] d=45 t=4140s
10802/4647 [1087315/1087315/1228306] d=49 t=4150s
10831/4656 [1087319/1087319/1228306] d=33 t=4160s
10845/4670 [1087319/1087319/1228306] d=29 t=4170s
10864/4686 [1087319/1087318/1228306] d=37 t=4180s
10884/4701 [1087319/1087319/1228306] d=32 t=4190s
10900/4715 [1087319/1087318/1228306] d=37 t=4200s
10915/4727 [1087319/1087319/1228306] d=41 t=4210s
10932/4737 [1087319/1087318/1228306] d=34 t=4220s
10949/4748 [1087319/1087318/1228306] d=35 t=4230s
10968/4757 [1087320/1087320/1228306] d=32 t=4240s
10991/4766 [1087323/1087323/1228306] d=37 t=4250s
11015/4777 [1087325/1087325/1228306] d=41 t=4260s
11041/4790 [1087325/1087325/1228306] d=58 t=4270s
11066/4801 [1087328/1087327/1228306] d=49 t=4280s
11094/4815 [1087330/1087330/1228306] d=35 t=4290s
11117/4824 [1087332/1087332/1228306] d=53 t=4300s
11143/4836 [1087335/1087335/1228306] d=46 t=4310s
11169/4846 [1087339/1087339/1228306] d=40 t=4320s
11195/4857 [1087341/1087341/1228306] d=57 t=4330s
11233/4868 [1087345/1087345/1228306] d=34 t=4340s
11251/4879 [1087347/1087346/1228306] d=49 t=4350s
11278/4889 [1087350/1087350/1228306] d=50 t=4360s
11301/4898 [1087354/1087354/1228306] d=62 t=4370s
11326/4908 [1087356/1087356/1228306] d=39 t=4380s
11353/4918 [1087359/1087359/1228306] d=35 t=4390s
11381/4930 [1087363/1087363/1228306] d=48 t=4400s
11415/4939 [1087368/1087368/1228306] d=31 t=4410s
11443/4950 [1087370/1087370/1228306] d=42 t=4420s
11472/4961 [1087373/1087373/1228306] d=25 t=4430s
11491/4972 [1087376/1087376/1228306] d=41 t=4440s
11519/4984 [1087378/1087378/1228306] d=44 t=4450s
11549/4997 [1087381/1087381/1228306] d=43 t=4460s
11578/5010 [1087383/1087383/1228306] d=44 t=4470s
11604/5021 [1087385/1087385/1228306] d=36 t=4480s
11638/5032 [1087389/1087389/1228306] d=26 t=4490s
11657/5041 [1087390/1087389/1228306] d=49 t=4500s
11685/5053 [1087393/1087393/1228306] d=55 t=4511s
11705/5063 [1087393/1087393/1228306] d=48 t=4520s
11727/5073 [1087397/1087396/1228306] d=41 t=4530s
11765/5085 [1087402/1087402/1228306] d=48 t=4540s
11801/5097 [1087405/1087405/1228306] d=49 t=4550s
11830/5110 [1087407/1087406/1228306] d=48 t=4560s
11863/5119 [1087411/1087411/1228306] d=35 t=4570s
11893/5129 [1087414/1087414/1228306] d=49 t=4580s
11918/5137 [1087416/1087416/1228306] d=36 t=4590s
11943/5149 [1087418/1087418/1228306] d=39 t=4600s
11973/5162 [1087420/1087419/1228306] d=66 t=4610s
11990/5173 [1087420/1087419/1228306] d=49 t=4620s
12005/5186 [1087420/1087419/1228306] d=73 t=4630s
12034/5200 [1087422/1087422/1228306] d=38 t=4640s
12063/5211 [1087423/1087423/1228306] d=49 t=4650s
12092/5220 [1087426/1087426/1228306] d=42 t=4660s
12126/5232 [1087428/1087428/1228306] d=34 t=4670s
12146/5243 [1087430/1087430/1228306] d=47 t=4680s
12174/5252 [1087433/1087433/1228306] d=23 t=4690s
12205/5266 [1087435/1087435/1228306] d=44 t=4700s
12230/5277 [1087437/1087437/1228306] d=43 t=4710s
12260/5289 [1087440/1087440/1228306] d=36 t=4720s
12284/5301 [1087442/1087442/1228306] d=63 t=4730s
12308/5311 [1087444/1087444/1228306] d=53 t=4741s
12333/5320 [1087446/1087446/1228306] d=25 t=4750s
12360/5331 [1087448/1087448/1228306] d=49 t=4760s
12384/5343 [1087450/1087450/1228306] d=36 t=4770s
12408/5358 [1087452/1087452/1228306] d=67 t=4780s
12438/5369 [1087455/1087454/1228306] d=39 t=4790s
12464/5379 [1087458/1087458/1228306] d=36 t=4800s
12484/5390 [1087461/1087461/1228306] d=34 t=4810s
12508/5400 [1087462/1087462/1228306] d=41 t=4820s
12532/5412 [1087464/1087464/1228306] d=30 t=4830s
12570/5424 [1087467/1087467/1228306] d=53 t=4840s
12600/5436 [1087470/1087470/1228306] d=38 t=4850s
12629/5447 [1087474/1087473/1228306] d=41 t=4860s
12656/5458 [1087476/1087476/1228306] d=27 t=4870s
12677/5468 [1087478/1087478/1228306] d=50 t=4880s
12704/5477 [1087481/1087481/1228306] d=51 t=4890s
12728/5488 [1087483/1087483/1228306] d=45 t=4900s
12751/5499 [1087484/1087484/1228306] d=26 t=4910s
12774/5507 [1087486/1087486/1228306] d=38 t=4921s
12804/5517 [1087488/1087488/1228306] d=43 t=4930s
12831/5526 [1087490/1087490/1228306] d=45 t=4941s
12854/5535 [1087492/1087492/1228306] d=30 t=4950s
12884/5546 [1087494/1087494/1228306] d=37 t=4960s
12919/5558 [1087496/1087496/1228306] d=38 t=4970s
12942/5573 [1087497/1087497/1228306] d=39 t=4980s
12969/5581 [1087501/1087501/1228306] d=39 t=4991s
12999/5588 [1087504/1087504/1228306] d=39 t=5000s
13022/5600 [1087505/1087505/1228306] d=36 t=5010s
13042/5614 [1087507/1087507/1228306] d=37 t=5020s
13055/5623 [1087507/1087507/1228306] d=45 t=5030s
13083/5635 [1087510/1087510/1228306] d=43 t=5040s
13119/5646 [1087514/1087514/1228306] d=42 t=5050s
13141/5657 [1087516/1087516/1228306] d=44 t=5060s
13170/5668 [1087518/1087517/1228306] d=43 t=5070s
13201/5678 [1087520/1087520/1228306] d=60 t=5080s
13234/5690 [1087522/1087522/1228306] d=40 t=5090s
13260/5698 [1087525/1087525/1228306] d=41 t=5100s
13293/5712 [1087529/1087529/1228306] d=41 t=5110s
13329/5722 [1087532/1087532/1228306] d=47 t=5120s
13356/5733 [1087534/1087534/1228306] d=50 t=5130s
13376/5741 [1087535/1087534/1228306] d=63 t=5140s
13405/5754 [1087538/1087538/1228306] d=44 t=5150s
13432/5764 [1087540/1087540/1228306] d=41 t=5161s
13447/5770 [1087541/1087541/1228306] d=39 t=5170s
13486/5780 [1087545/1087545/1228306] d=34 t=5180s
13517/5793 [1087547/1087547/1228306] d=41 t=5190s
13548/5803 [1087550/1087550/1228306] d=52 t=5200s
13578/5812 [1087553/1087553/1228306] d=33 t=5210s
13601/5819 [1087555/1087555/1228306] d=36 t=5222s
13619/5828 [1087556/1087556/1228306] d=38 t=5230s
13635/5838 [1087557/1087557/1228306] d=36 t=5240s
13664/5850 [1087560/1087560/1228306] d=39 t=5250s
13696/5862 [1087562/1087562/1228306] d=43 t=5260s
13715/5873 [1087564/1087564/1228306] d=38 t=5270s
13739/5885 [1087566/1087566/1228306] d=41 t=5280s
13773/5899 [1087570/1087570/1228306] d=36 t=5290s
13796/5910 [1087572/1087572/1228306] d=42 t=5300s
13829/5922 [1087575/1087575/1228306] d=37 t=5310s
13859/5934 [1087578/1087577/1228306] d=38 t=5320s
13882/5947 [1087579/1087579/1228306] d=37 t=5330s
13917/5960 [1087582/1087582/1228306] d=63 t=5340s
13939/5968 [1087584/1087584/1228306] d=45 t=5350s
13963/5977 [1087586/1087586/1228306] d=57 t=5360s
13983/5987 [1087588/1087588/1228306] d=57 t=5370s
14013/5999 [1087591/1087591/1228306] d=38 t=5380s
14038/6012 [1087593/1087593/1228306] d=42 t=5390s
14059/6021 [1087596/1087596/1228306] d=42 t=5400s
14095/6031 [1087599/1087599/1228306] d=33 t=5410s
14119/6041 [1087600/1087600/1228306] d=50 t=5420s
14152/6054 [1087603/1087603/1228306] d=30 t=5430s
14171/6066 [1087604/1087604/1228306] d=35 t=5440s
14196/6074 [1087606/1087606/1228306] d=30 t=5450s
14220/6088 [1087609/1087608/1228306] d=41 t=5460s
14246/6099 [1087611/1087611/1228306] d=34 t=5470s
14272/6111 [1087614/1087614/1228306] d=63 t=5480s
14295/6122 [1087616/1087616/1228306] d=35 t=5490s
14330/6134 [1087619/1087619/1228306] d=35 t=5500s
14360/6147 [1087621/1087621/1228306] d=34 t=5510s
14387/6159 [1087623/1087623/1228306] d=45 t=5520s
14416/6168 [1087625/1087625/1228306] d=19 t=5530s
14430/6181 [1087625/1087625/1228306] d=21 t=5540s
14447/6197 [1087625/1087625/1228306] d=29 t=5550s
14465/6210 [1087625/1087624/1228306] d=28 t=5560s
14485/6224 [1087625/1087625/1228306] d=30 t=5570s
14504/6232 [1087626/1087626/1228306] d=30 t=5580s
14530/6244 [1087627/1087627/1228306] d=41 t=5590s
14558/6257 [1087629/1087629/1228306] d=36 t=5600s
14580/6269 [1087631/1087631/1228306] d=41 t=5610s
14608/6284 [1087632/1087632/1228306] d=42 t=5620s
14637/6292 [1087635/1087635/1228306] d=60 t=5630s
14667/6303 [1087637/1087637/1228306] d=56 t=5640s
14695/6311 [1087640/1087640/1228306] d=39 t=5653s
14713/6319 [1087641/1087641/1228306] d=58 t=5661s
14734/6328 [1087642/1087642/1228306] d=65 t=5670s
14758/6337 [1087644/1087644/1228306] d=34 t=5681s
14786/6348 [1087645/1087645/1228306] d=40 t=5691s
14809/6357 [1087648/1087648/1228306] d=46 t=5700s
14841/6367 [1087652/1087651/1228306] d=51 t=5710s
14869/6379 [1087654/1087654/1228306] d=30 t=5720s
14893/6392 [1087655/1087655/1228306] d=54 t=5730s
14921/6404 [1087657/1087656/1228306] d=44 t=5740s
14946/6417 [1087658/1087658/1228306] d=52 t=5750s
14982/6429 [1087661/1087661/1228306] d=42 t=5760s
15008/6440 [1087663/1087662/1228306] d=36 t=5770s
15028/6450 [1087665/1087665/1228306] d=44 t=5780s
15046/6463 [1087666/1087666/1228306] d=35 t=5790s
15064/6473 [1087667/1087667/1228306] d=49 t=5800s
15092/6484 [1087668/1087668/1228306] d=51 t=5810s
15123/6493 [1087671/1087671/1228306] d=44 t=5820s
15149/6508 [1087672/1087672/1228306] d=46 t=5830s
15174/6519 [1087675/1087675/1228306] d=56 t=5840s
15201/6530 [1087676/1087676/1228306] d=37 t=5850s
15213/6535 [1087677/1087677/1228306] d=35 t=5860s
15235/6544 [1087678/1087678/1228306] d=42 t=5870s
15267/6555 [1087682/1087682/1228306] d=50 t=5880s
15301/6564 [1087684/1087684/1228306] d=36 t=5890s
15326/6574 [1087686/1087686/1228306] d=42 t=5901s
15348/6582 [1087688/1087688/1228306] d=41 t=5910s
15378/6596 [1087690/1087690/1228306] d=50 t=5920s
15402/6607 [1087691/1087691/1228306] d=38 t=5930s
15428/6615 [1087692/1087692/1228306] d=63 t=5940s
15457/6624 [1087695/1087694/1228306] d=53 t=5950s
15485/6636 [1087696/1087696/1228306] d=45 t=5960s
15499/6645 [1087696/1087696/1228306] d=58 t=5970s
15529/6656 [1087699/1087699/1228306] d=26 t=5980s
15554/6669 [1087700/1087700/1228306] d=38 t=5990s
15572/6681 [1087701/1087701/1228306] d=53 t=6000s
15590/6689 [1087701/1087701/1228306] d=65 t=6010s
15617/6697 [1087703/1087703/1228306] d=48 t=6020s
15646/6707 [1087704/1087704/1228306] d=31 t=6030s
15665/6720 [1087705/1087704/1228306] d=63 t=6040s
15687/6727 [1087707/1087707/1228306] d=59 t=6050s
15715/6738 [1087710/1087709/1228306] d=51 t=6060s
15740/6753 [1087712/1087712/1228306] d=43 t=6070s
15768/6762 [1087714/1087714/1228306] d=41 t=6080s
15791/6770 [1087715/1087715/1228306] d=42 t=6090s
15812/6782 [1087717/1087717/1228306] d=38 t=6101s
15831/6789 [1087718/1087718/1228306] d=32 t=6110s
15858/6797 [1087721/1087721/1228306] d=40 t=6120s
15881/6807 [1087723/1087723/1228306] d=47 t=6130s
15909/6820 [1087725/1087725/1228306] d=44 t=6140s
15933/6829 [1087727/1087726/1228306] d=46 t=6150s
15961/6840 [1087729/1087729/1228306] d=64 t=6160s
15978/6850 [1087730/1087730/1228306] d=51 t=6170s
16001/6864 [1087731/1087731/1228306] d=26 t=6180s
16013/6874 [1087731/1087731/1228306] d=26 t=6190s
16040/6887 [1087733/1087733/1228306] d=40 t=6200s
16069/6899 [1087735/1087735/1228306] d=60 t=6210s
16100/6911 [1087737/1087737/1228306] d=52 t=6220s
16127/6925 [1087739/1087739/1228306] d=27 t=6230s
16164/6936 [1087741/1087741/1228306] d=70 t=6240s
16191/6948 [1087742/1087742/1228306] d=37 t=6250s
16214/6959 [1087745/1087745/1228306] d=42 t=6260s
16245/6972 [1087747/1087746/1228306] d=47 t=6270s
16276/6983 [1087748/1087748/1228306] d=45 t=6280s
16312/6995 [1087751/1087750/1228306] d=35 t=6290s
16331/7002 [1087752/1087752/1228306] d=61 t=6300s
16358/7014 [1087754/1087753/1228306] d=57 t=6311s
16379/7024 [1087755/1087754/1228306] d=28 t=6320s
16402/7036 [1087756/1087756/1228306] d=47 t=6330s
16432/7047 [1087758/1087758/1228306] d=43 t=6340s
16462/7059 [1087759/1087759/1228306] d=48 t=6350s
16487/7073 [1087760/1087760/1228306] d=33 t=6360s
16515/7082 [1087764/1087763/1228306] d=42 t=6370s
16544/7094 [1087766/1087766/1228306] d=42 t=6380s
16557/7104 [1087766/1087766/1228306] d=41 t=6390s
16585/7114 [1087768/1087768/1228306] d=40 t=6400s
16603/7121 [1087770/1087770/1228306] d=56 t=6410s
16621/7131 [1087771/1087771/1228306] d=46 t=6420s
16648/7142 [1087773/1087773/1228306] d=49 t=6430s
16672/7157 [1087775/1087774/1228306] d=29 t=6440s
16685/7167 [1087775/1087775/1228306] d=32 t=6450s
16708/7180 [1087776/1087776/1228306] d=57 t=6460s
16739/7192 [1087779/1087779/1228306] d=48 t=6470s
16765/7203 [1087781/1087781/1228306] d=40 t=6481s
16791/7212 [1087784/1087784/1228306] d=46 t=6490s
16816/7225 [1087785/1087785/1228306] d=42 t=6500s
16841/7239 [1087786/1087786/1228306] d=66 t=6510s
16873/7253 [1087788/1087788/1228306] d=36 t=6520s
16889/7265 [1087788/1087788/1228306] d=43 t=6531s
16915/7274 [1087789/1087789/1228306] d=37 t=6540s
16943/7283 [1087791/1087790/1228306] d=49 t=6550s
16958/7294 [1087791/1087791/1228306] d=46 t=6560s
16979/7304 [1087792/1087792/1228306] d=53 t=6570s
17005/7311 [1087793/1087793/1228306] d=33 t=6580s
17032/7323 [1087795/1087795/1228306] d=38 t=6590s
17060/7333 [1087797/1087797/1228306] d=50 t=6600s
17086/7346 [1087799/1087799/1228306] d=47 t=6610s
17115/7356 [1087801/1087801/1228306] d=41 t=6620s
17137/7367 [1087802/1087802/1228306] d=39 t=6630s
17169/7378 [1087805/1087805/1228306] d=39 t=6640s
17187/7390 [1087806/1087806/1228306] d=32 t=6650s
17205/7402 [1087807/1087807/1228306] d=50 t=6660s
17231/7414 [1087808/1087808/1228306] d=48 t=6670s
17267/7425 [1087810/1087810/1228306] d=32 t=6680s
17292/7439 [1087811/1087811/1228306] d=36 t=6690s
17314/7449 [1087812/1087812/1228306] d=55 t=6700s
17338/7459 [1087814/1087813/1228306] d=67 t=6710s
17367/7469 [1087816/1087815/1228306] d=71 t=6720s
17393/7484 [1087817/1087816/1228306] d=75 t=6730s
17420/7496 [1087818/1087818/1228306] d=32 t=6740s
17435/7508 [1087819/1087819/1228306] d=36 t=6750s
17469/7521 [1087822/1087822/1228306] d=46 t=6761s
17491/7531 [1087823/1087823/1228306] d=48 t=6770s
17518/7539 [1087825/1087825/1228306] d=50 t=6780s
17548/7550 [1087827/1087826/1228306] d=44 t=6790s
17575/7558 [1087828/1087828/1228306] d=48 t=6800s
17608/7569 [1087831/1087831/1228306] d=45 t=6810s
17635/7582 [1087832/1087832/1228306] d=38 t=6820s
17659/7591 [1087834/1087834/1228306] d=65 t=6830s
17684/7602 [1087835/1087835/1228306] d=57 t=6840s
17720/7614 [1087838/1087838/1228306] d=32 t=6850s
17745/7628 [1087839/1087839/1228306] d=51 t=6860s
17778/7635 [1087842/1087842/1228306] d=47 t=6870s
17814/7646 [1087844/1087843/1228306] d=36 t=6880s
17838/7656 [1087846/1087846/1228306] d=45 t=6890s
17872/7667 [1087849/1087849/1228306] d=42 t=6900s
17896/7678 [1087850/1087850/1228306] d=32 t=6910s
17925/7690 [1087851/1087851/1228306] d=47 t=6920s
17952/7700 [1087853/1087853/1228306] d=49 t=6930s
17983/7711 [1087855/1087855/1228306] d=40 t=6940s
18011/7723 [1087857/1087857/1228306] d=62 t=6950s
18036/7731 [1087858/1087858/1228306] d=38 t=6960s
18059/7744 [1087859/1087859/1228306] d=58 t=6970s
18082/7752 [1087860/1087860/1228306] d=25 t=6980s
18104/7761 [1087861/1087861/1228306] d=43 t=6990s
18124/7770 [1087862/1087862/1228306] d=49 t=7000s
18153/7780 [1087864/1087864/1228306] d=36 t=7010s
18182/7790 [1087866/1087866/1228306] d=41 t=7020s
18214/7800 [1087869/1087869/1228306] d=40 t=7030s
18235/7810 [1087870/1087870/1228306] d=53 t=7040s
18258/7822 [1087871/1087871/1228306] d=37 t=7050s
18295/7830 [1087872/1087872/1228306] d=48 t=7060s
18326/7844 [1087876/1087876/1228306] d=38 t=7070s
18358/7855 [1087877/1087877/1228306] d=50 t=7080s
18390/7867 [1087879/1087879/1228306] d=53 t=7090s
18420/7875 [1087881/1087881/1228306] d=36 t=7100s
18431/7882 [1087881/1087881/1228306] d=68 t=7110s
18448/7893 [1087882/1087881/1228306] d=35 t=7120s
18469/7903 [1087883/1087883/1228306] d=53 t=7130s
18489/7911 [1087884/1087884/1228306] d=50 t=7140s
18504/7921 [1087884/1087884/1228306] d=53 t=7150s
18535/7934 [1087886/1087886/1228306] d=40 t=7160s
18566/7946 [1087888/1087888/1228306] d=51 t=7170s
18593/7956 [1087890/1087890/1228306] d=39 t=7180s
18617/7969 [1087892/1087891/1228306] d=45 t=7191s
18645/7979 [1087895/1087895/1228306] d=44 t=7200s
18673/7991 [1087896/1087896/1228306] d=38 t=7210s
18697/8001 [1087898/1087898/1228306] d=27 t=7220s
18725/8014 [1087900/1087900/1228306] d=53 t=7230s
18757/8025 [1087901/1087901/1228306] d=47 t=7240s
18786/8038 [1087903/1087903/1228306] d=48 t=7250s
18812/8050 [1087905/1087904/1228306] d=53 t=7260s
18838/8062 [1087907/1087907/1228306] d=33 t=7270s
18868/8073 [1087908/1087908/1228306] d=43 t=7280s
18898/8086 [1087910/1087910/1228306] d=49 t=7290s
18922/8096 [1087912/1087912/1228306] d=37 t=7300s
18939/8104 [1087913/1087913/1228306] d=40 t=7310s
18974/8116 [1087916/1087916/1228306] d=40 t=7320s
18999/8127 [1087917/1087917/1228306] d=26 t=7330s
19026/8137 [1087920/1087920/1228306] d=39 t=7340s
19052/8149 [1087921/1087921/1228306] d=38 t=7350s
19071/8158 [1087922/1087922/1228306] d=31 t=7360s
19096/8171 [1087924/1087924/1228306] d=29 t=7370s
19126/8180 [1087925/1087925/1228306] d=42 t=7380s
19153/8194 [1087927/1087927/1228306] d=55 t=7390s
19188/8205 [1087928/1087928/1228306] d=24 t=7400s
19215/8215 [1087930/1087930/1228306] d=55 t=7410s
19243/8227 [1087931/1087931/1228306] d=32 t=7420s
19261/8239 [1087932/1087932/1228306] d=45 t=7430s
19294/8252 [1087933/1087933/1228306] d=50 t=7440s
19323/8262 [1087935/1087935/1228306] d=43 t=7450s
19355/8275 [1087937/1087937/1228306] d=28 t=7460s
19378/8283 [1087938/1087938/1228306] d=37 t=7470s
19401/8291 [1087939/1087939/1228306] d=59 t=7480s
19433/8303 [1087941/1087941/1228306] d=43 t=7490s
19454/8316 [1087943/1087943/1228306] d=47 t=7500s
19487/8327 [1087945/1087945/1228306] d=40 t=7510s
19519/8339 [1087947/1087946/1228306] d=32 t=7520s
19541/8347 [1087949/1087949/1228306] d=58 t=7530s
19574/8356 [1087951/1087951/1228306] d=38 t=7540s
19607/8367 [1087952/1087952/1228306] d=41 t=7550s
19635/8380 [1087954/1087954/1228306] d=36 t=7560s
19666/8393 [1087956/1087956/1228306] d=42 t=7570s
19698/8404 [1087958/1087958/1228306] d=36 t=7580s
19725/8415 [1087959/1087959/1228306] d=41 t=7590s
19755/8426 [1087960/1087960/1228306] d=33 t=7600s
19789/8441 [1087962/1087962/1228306] d=53 t=7610s
19808/8453 [1087962/1087961/1228306] d=57 t=7620s
19837/8464 [1087963/1087963/1228306] d=60 t=7630s
19868/8474 [1087965/1087965/1228306] d=40 t=7640s
19905/8487 [1087968/1087968/1228306] d=32 t=7650s
19934/8503 [1087969/1087969/1228306] d=37 t=7660s
19968/8520 [1087972/1087972/1228306] d=31 t=7670s
20002/8532 [1087974/1087974/1228306] d=40 t=7680s
20042/8541 [1087976/1087976/1228306] d=49 t=7690s
20069/8551 [1087978/1087978/1228306] d=40 t=7700s
20103/8563 [1087980/1087980/1228306] d=36 t=7710s
20133/8572 [1087982/1087982/1228306] d=41 t=7720s
20164/8584 [1087984/1087984/1228306] d=42 t=7730s
20200/8595 [1087985/1087985/1228306] d=45 t=7740s
20219/8608 [1087987/1087987/1228306] d=38 t=7750s
20246/8618 [1087988/1087988/1228306] d=51 t=7760s
20269/8626 [1087990/1087989/1228306] d=44 t=7770s
20300/8639 [1087991/1087991/1228306] d=45 t=7780s
20338/8654 [1087993/1087993/1228306] d=40 t=7790s
20371/8666 [1087995/1087994/1228306] d=40 t=7800s
20405/8675 [1087997/1087997/1228306] d=43 t=7810s
20437/8687 [1088000/1088000/1228306] d=35 t=7820s
20461/8698 [1088001/1088001/1228306] d=49 t=7830s
20487/8711 [1088002/1088002/1228306] d=41 t=7840s
20518/8721 [1088003/1088003/1228306] d=44 t=7850s
20541/8735 [1088004/1088004/1228306] d=72 t=7860s
20570/8748 [1088005/1088005/1228306] d=42 t=7870s
20591/8763 [1088005/1088005/1228306] d=47 t=7880s
20628/8774 [1088007/1088007/1228306] d=53 t=7890s
20660/8785 [1088009/1088009/1228306] d=48 t=7900s
20694/8794 [1088011/1088011/1228306] d=47 t=7910s
20717/8807 [1088012/1088012/1228306] d=45 t=7920s
20744/8815 [1088014/1088014/1228306] d=44 t=7930s
20750/8820 [1088014/1088013/1228306] d=34 t=7940s
20787/8833 [1088015/1088015/1228306] d=63 t=7950s
20813/8846 [1088017/1088017/1228306] d=44 t=7960s
20836/8854 [1088018/1088018/1228306] d=48 t=7970s
20873/8867 [1088020/1088020/1228306] d=43 t=7980s
20896/8879 [1088021/1088021/1228306] d=25 t=7990s
20917/8885 [1088022/1088022/1228306] d=42 t=8000s
20920/8886 [1088022/1088022/1228306] d=29 t=8010s
20955/8897 [1088024/1088024/1228306] d=49 t=8020s
20980/8909 [1088024/1088024/1228306] d=53 t=8030s
20997/8921 [1088025/1088025/1228306] d=57 t=8040s
21020/8933 [1088026/1088026/1228306] d=28 t=8050s
21061/8945 [1088029/1088029/1228306] d=43 t=8060s
21099/8959 [1088031/1088030/1228306] d=47 t=8070s
21128/8972 [1088033/1088033/1228306] d=46 t=8080s
21159/8982 [1088035/1088035/1228306] d=52 t=8090s
21186/8991 [1088037/1088036/1228306] d=42 t=8100s
21210/9004 [1088038/1088038/1228306] d=57 t=8110s
21249/9016 [1088040/1088040/1228306] d=29 t=8120s
21274/9030 [1088041/1088041/1228306] d=40 t=8130s
21298/9040 [1088042/1088042/1228306] d=40 t=8140s
21319/9051 [1088043/1088043/1228306] d=49 t=8150s
21351/9063 [1088044/1088044/1228306] d=37 t=8160s
21373/9070 [1088045/1088045/1228306] d=46 t=8170s
21403/9082 [1088046/1088046/1228306] d=40 t=8180s
21415/9091 [1088046/1088046/1228306] d=37 t=8190s
21445/9101 [1088048/1088048/1228306] d=42 t=8200s
21486/9109 [1088050/1088050/1228306] d=39 t=8210s
21517/9120 [1088051/1088051/1228306] d=39 t=8220s
21545/9133 [1088052/1088052/1228306] d=41 t=8325s
21546/9134 [1088052/1088052/1228306] d=42 t=8326s
21547/9135 [1088052/1088052/1228306] d=47 t=8326s
21548/9136 [1088052/1088052/1228306] d=48 t=8327s
21549/9137 [1088052/1088052/1228306] d=36 t=8328s
21550/9137 [1088052/1088052/1228306] d=38 t=8328s
21551/9138 [1088052/1088052/1228306] d=39 t=8329s
21552/9138 [1088052/1088052/1228306] d=38 t=8329s
21553/9138 [1088052/1088052/1228306] d=43 t=8329s
21554/9139 [1088052/1088052/1228306] d=42 t=8330s
21555/9140 [1088052/1088052/1228306] d=54 t=8331s
21583/9151 [1088053/1088053/1228306] d=46 t=8340s
21605/9162 [1088054/1088054/1228306] d=50 t=8350s
21625/9172 [1088055/1088055/1228306] d=47 t=8360s
21656/9184 [1088056/1088055/1228306] d=54 t=8370s
21676/9195 [1088057/1088057/1228306] d=63 t=8380s
21703/9205 [1088058/1088058/1228306] d=42 t=8390s
21733/9217 [1088061/1088061/1228306] d=44 t=8400s
21762/9227 [1088063/1088062/1228306] d=55 t=8410s
21783/9243 [1088063/1088063/1228306] d=58 t=8420s
21810/9254 [1088064/1088063/1228306] d=58 t=8430s
21834/9266 [1088065/1088065/1228306] d=51 t=8440s
21865/9279 [1088066/1088066/1228306] d=63 t=8450s
21890/9289 [1088068/1088068/1228306] d=40 t=8460s
21922/9300 [1088070/1088070/1228306] d=37 t=8470s
21952/9312 [1088072/1088072/1228306] d=26 t=8480s
21970/9323 [1088073/1088073/1228306] d=31 t=8490s
21986/9329 [1088073/1088073/1228306] d=36 t=8500s
22022/9337 [1088075/1088075/1228306] d=42 t=8510s
22058/9352 [1088077/1088077/1228306] d=44 t=8520s
22087/9363 [1088079/1088079/1228306] d=45 t=8530s
22124/9373 [1088081/1088081/1228306] d=42 t=8540s
22147/9383 [1088082/1088082/1228306] d=43 t=8550s
22171/9393 [1088083/1088083/1228306] d=46 t=8560s
22198/9405 [1088084/1088084/1228306] d=36 t=8571s
22218/9416 [1088086/1088086/1228306] d=32 t=8580s
22244/9426 [1088087/1088087/1228306] d=50 t=8590s
22272/9436 [1088089/1088089/1228306] d=56 t=8600s
22304/9451 [1088091/1088091/1228306] d=30 t=8610s
22326/9461 [1088092/1088092/1228306] d=37 t=8620s
22359/9473 [1088094/1088094/1228306] d=42 t=8630s
22393/9484 [1088096/1088096/1228306] d=35 t=8642s
22411/9490 [1088097/1088096/1228306] d=44 t=8650s
22440/9503 [1088097/1088097/1228306] d=36 t=8660s
22455/9516 [1088098/1088098/1228306] d=50 t=8670s
22493/9526 [1088100/1088100/1228306] d=32 t=8680s
22518/9538 [1088101/1088101/1228306] d=38 t=8690s
22544/9552 [1088102/1088102/1228306] d=51 t=8700s
22561/9561 [1088103/1088103/1228306] d=52 t=8710s
22588/9571 [1088105/1088105/1228306] d=44 t=8720s
22604/9579 [1088107/1088106/1228306] d=51 t=8730s
22631/9591 [1088108/1088108/1228306] d=47 t=8741s
22648/9602 [1088109/1088109/1228306] d=54 t=8750s
22681/9613 [1088111/1088111/1228306] d=50 t=8760s
22703/9623 [1088112/1088112/1228306] d=29 t=8770s
22734/9634 [1088114/1088113/1228306] d=64 t=8780s
22762/9645 [1088115/1088115/1228306] d=55 t=8790s
22794/9657 [1088118/1088118/1228306] d=40 t=8800s
22823/9668 [1088120/1088120/1228306] d=25 t=8810s
22840/9677 [1088121/1088121/1228306] d=44 t=8820s
22865/9689 [1088122/1088122/1228306] d=37 t=8830s
22888/9697 [1088123/1088123/1228306] d=37 t=8840s
22912/9706 [1088124/1088123/1228306] d=33 t=8850s
22934/9718 [1088125/1088125/1228306] d=40 t=8860s
22958/9730 [1088126/1088126/1228306] d=43 t=8870s
22979/9739 [1088127/1088127/1228306] d=45 t=8880s
22997/9743 [1088127/1088127/1228306] d=47 t=8892s
23010/9753 [1088128/1088128/1228306] d=51 t=8900s
23033/9764 [1088129/1088128/1228306] d=50 t=8910s
23053/9775 [1088130/1088130/1228306] d=44 t=8920s
23086/9787 [1088132/1088132/1228306] d=48 t=8930s
23111/9796 [1088133/1088133/1228306] d=66 t=8940s
23132/9805 [1088134/1088134/1228306] d=47 t=8950s
23149/9813 [1088135/1088135/1228306] d=39 t=8960s
23176/9823 [1088136/1088136/1228306] d=40 t=8970s
23204/9838 [1088137/1088137/1228306] d=53 t=8980s
23229/9848 [1088138/1088137/1228306] d=76 t=8990s
23258/9859 [1088139/1088139/1228306] d=37 t=9000s
23284/9870 [1088140/1088140/1228306] d=39 t=9010s
23307/9881 [1088142/1088141/1228306] d=52 t=9020s
23330/9892 [1088143/1088143/1228306] d=51 t=9030s
23349/9900 [1088144/1088143/1228306] d=45 t=9040s
23370/9909 [1088145/1088145/1228306] d=44 t=9050s
23390/9921 [1088146/1088146/1228306] d=48 t=9060s
23409/9928 [1088147/1088147/1228306] d=40 t=9070s
23437/9939 [1088148/1088148/1228306] d=42 t=9080s
23458/9950 [1088149/1088149/1228306] d=58 t=9090s
23490/9959 [1088151/1088151/1228306] d=38 t=9100s
23518/9969 [1088152/1088152/1228306] d=45 t=9110s
23545/9977 [1088155/1088154/1228306] d=51 t=9120s
23574/9983 [1088156/1088155/1228306] d=53 t=9130s
23592/9995 [1088156/1088156/1228306] d=31 t=9140s
23613/10002 [1088156/1088156/1228306] d=49 t=9150s
23641/10014 [1088158/1088157/1228306] d=42 t=9160s
23656/10026 [1088158/1088158/1228306] d=26 t=9170s
23690/10034 [1088161/1088161/1228306] d=33 t=9180s
23709/10045 [1088162/1088162/1228306] d=48 t=9190s
23741/10053 [1088163/1088162/1228306] d=48 t=9200s
23766/10065 [1088163/1088163/1228306] d=44 t=9210s
23787/10078 [1088165/1088164/1228306] d=57 t=9220s
23807/10092 [1088165/1088165/1228306] d=72 t=9230s
23826/10102 [1088166/1088166/1228306] d=47 t=9240s
23849/10111 [1088167/1088167/1228306] d=35 t=9250s
23871/10118 [1088168/1088168/1228306] d=56 t=9260s
23886/10129 [1088168/1088168/1228306] d=49 t=9270s
23921/10137 [1088169/1088169/1228306] d=47 t=9280s
23944/10149 [1088170/1088170/1228306] d=39 t=9290s
23967/10161 [1088171/1088171/1228306] d=49 t=9300s
23985/10168 [1088172/1088172/1228306] d=35 t=9310s
24010/10182 [1088173/1088173/1228306] d=43 t=9320s
24028/10191 [1088174/1088174/1228306] d=38 t=9330s
24051/10203 [1088175/1088175/1228306] d=36 t=9340s
24080/10211 [1088175/1088175/1228306] d=38 t=9350s
24108/10219 [1088177/1088177/1228306] d=46 t=9360s
24129/10226 [1088178/1088178/1228306] d=39 t=9370s
24152/10239 [1088179/1088179/1228306] d=34 t=9380s
24171/10247 [1088180/1088180/1228306] d=46 t=9390s
24189/10254 [1088182/1088182/1228306] d=39 t=9400s
24208/10259 [1088183/1088183/1228306] d=55 t=9410s
24220/10265 [1088183/1088183/1228306] d=45 t=9420s
24231/10270 [1088184/1088184/1228306] d=38 t=9430s
24250/10274 [1088185/1088185/1228306] d=44 t=9440s
24261/10281 [1088185/1088185/1228306] d=46 t=9450s
24280/10290 [1088186/1088186/1228306] d=55 t=9460s
24300/10301 [1088187/1088187/1228306] d=36 t=9470s
24326/10310 [1088189/1088189/1228306] d=69 t=9480s
24351/10321 [1088190/1088190/1228306] d=43 t=9490s
24378/10326 [1088191/1088191/1228306] d=44 t=9500s
24393/10333 [1088191/1088190/1228306] d=55 t=9510s
24420/10341 [1088192/1088192/1228306] d=41 t=9520s
24449/10351 [1088193/1088193/1228306] d=36 t=9530s
24476/10361 [1088194/1088194/1228306] d=45 t=9540s
24505/10370 [1088195/1088195/1228306] d=46 t=9550s
24528/10377 [1088196/1088196/1228306] d=36 t=9560s
24549/10386 [1088197/1088197/1228306] d=31 t=9570s
24578/10397 [1088199/1088198/1228306] d=55 t=9580s
24604/10404 [1088200/1088200/1228306] d=35 t=9590s
24620/10416 [1088200/1088200/1228306] d=52 t=9600s
24654/10428 [1088202/1088202/1228306] d=53 t=9610s
24678/10438 [1088203/1088203/1228306] d=36 t=9620s
24711/10446 [1088205/1088205/1228306] d=44 t=9630s
24732/10455 [1088206/1088205/1228306] d=64 t=9640s
24758/10471 [1088207/1088207/1228306] d=34 t=9650s
24779/10482 [1088208/1088207/1228306] d=41 t=9660s
24798/10492 [1088209/1088209/1228306] d=39 t=9670s
24820/10501 [1088210/1088210/1228306] d=43 t=9680s
24840/10511 [1088211/1088210/1228306] d=28 t=9690s
24860/10518 [1088212/1088212/1228306] d=34 t=9700s
24882/10528 [1088213/1088213/1228306] d=33 t=9710s
24908/10538 [1088214/1088214/1228306] d=15 t=9720s
24927/10546 [1088214/1088214/1228306] d=56 t=9730s
24952/10556 [1088216/1088216/1228306] d=36 t=9740s
24973/10566 [1088217/1088217/1228306] d=43 t=9750s
24991/10571 [1088218/1088218/1228306] d=40 t=9760s
25016/10581 [1088219/1088219/1228306] d=50 t=9770s
25038/10591 [1088220/1088220/1228306] d=47 t=9781s
25060/10598 [1088220/1088220/1228306] d=49 t=9790s
25080/10610 [1088222/1088222/1228306] d=51 t=9800s
25108/10615 [1088223/1088223/1228306] d=32 t=9810s
25132/10624 [1088225/1088225/1228306] d=47 t=9820s
25152/10633 [1088226/1088226/1228306] d=32 t=9830s
25178/10640 [1088227/1088227/1228306] d=37 t=9840s
25197/10649 [1088229/1088229/1228306] d=38 t=9850s
25222/10659 [1088230/1088229/1228306] d=34 t=9860s
25253/10666 [1088231/1088231/1228306] d=37 t=9870s
25279/10681 [1088232/1088232/1228306] d=38 t=9880s
25302/10689 [1088233/1088233/1228306] d=41 t=9893s
25323/10696 [1088235/1088234/1228306] d=67 t=9900s
25345/10709 [1088236/1088235/1228306] d=57 t=9910s
25362/10719 [1088237/1088237/1228306] d=50 t=9920s
25386/10730 [1088238/1088238/1228306] d=44 t=9930s
25406/10737 [1088239/1088239/1228306] d=42 t=9940s
25431/10746 [1088240/1088240/1228306] d=49 t=9950s
25458/10756 [1088241/1088241/1228306] d=54 t=9960s
25481/10764 [1088241/1088241/1228306] d=42 t=9970s
25498/10775 [1088242/1088241/1228306] d=42 t=9981s
25520/10784 [1088244/1088244/1228306] d=43 t=9990s
25546/10795 [1088244/1088244/1228306] d=34 t=10000s
25561/10803 [1088245/1088245/1228306] d=34 t=10010s
25577/10805 [1088246/1088246/1228306] d=31 t=10063s
25578/10806 [1088246/1088246/1228306] d=40 t=10064s
25579/10807 [1088246/1088246/1228306] d=40 t=10065s
25580/10808 [1088246/1088246/1228306] d=41 t=10066s
25581/10808 [1088246/1088246/1228306] d=44 t=10066s
25588/10812 [1088246/1088246/1228306] d=41 t=10070s
25614/10819 [1088248/1088248/1228306] d=43 t=10080s
25634/10828 [1088249/1088249/1228306] d=42 t=10090s
25661/10838 [1088250/1088250/1228306] d=44 t=10100s
25686/10849 [1088251/1088251/1228306] d=61 t=10110s
25713/10859 [1088252/1088252/1228306] d=46 t=10120s
25736/10870 [1088253/1088253/1228306] d=42 t=10130s
25764/10879 [1088254/1088254/1228306] d=44 t=10140s
25792/10888 [1088255/1088255/1228306] d=33 t=10150s
25812/10897 [1088256/1088256/1228306] d=44 t=10160s
25833/10905 [1088257/1088257/1228306] d=39 t=10170s
25846/10917 [1088258/1088257/1228306] d=48 t=10180s
25873/10927 [1088259/1088259/1228306] d=39 t=10190s
25900/10939 [1088260/1088260/1228306] d=56 t=10200s
25928/10950 [1088262/1088262/1228306] d=24 t=10210s
25948/10957 [1088263/1088263/1228306] d=39 t=10220s
25976/10967 [1088264/1088264/1228306] d=35 t=10230s
26002/10980 [1088265/1088264/1228306] d=35 t=10240s
26021/10990 [1088266/1088266/1228306] d=30 t=10250s
26046/11006 [1088267/1088267/1228306] d=30 t=10260s
26069/11015 [1088268/1088268/1228306] d=41 t=10270s
26101/11024 [1088270/1088270/1228306] d=43 t=10280s
26130/11039 [1088271/1088271/1228306] d=41 t=10290s
26154/11047 [1088272/1088271/1228306] d=47 t=10300s
26177/11056 [1088273/1088273/1228306] d=28 t=10310s
26196/11067 [1088274/1088273/1228306] d=45 t=10320s
26224/11078 [1088275/1088275/1228306] d=68 t=10330s
26256/11089 [1088276/1088275/1228306] d=56 t=10340s
26272/11101 [1088276/1088276/1228306] d=43 t=10350s
26303/11111 [1088278/1088278/1228306] d=37 t=10360s
26333/11122 [1088279/1088279/1228306] d=31 t=10370s
26349/11128 [1088280/1088280/1228306] d=51 t=10380s
26370/11136 [1088281/1088281/1228306] d=50 t=10390s
26392/11145 [1088282/1088281/1228306] d=54 t=10401s
26410/11147 [1088282/1088282/1228306] d=37 t=10410s
26420/11153 [1088283/1088283/1228306] d=70 t=10420s
26445/11164 [1088284/1088284/1228306] d=32 t=10430s
26470/11170 [1088285/1088285/1228306] d=51 t=10441s
26488/11174 [1088285/1088285/1228306] d=40 t=10450s
26516/11184 [1088286/1088286/1228306] d=37 t=10460s
26531/11194 [1088287/1088287/1228306] d=47 t=10470s
26550/11205 [1088287/1088287/1228306] d=62 t=10480s
26575/11211 [1088288/1088288/1228306] d=49 t=10490s
26602/11221 [1088289/1088288/1228306] d=56 t=10500s
26628/11231 [1088290/1088290/1228306] d=40 t=10510s
26655/11241 [1088291/1088291/1228306] d=46 t=10520s
26682/11255 [1088292/1088292/1228306] d=45 t=10530s
26719/11260 [1088293/1088293/1228306] d=46 t=10540s
26737/11273 [1088294/1088294/1228306] d=47 t=10550s
26757/11283 [1088294/1088294/1228306] d=44 t=10560s
26778/11294 [1088295/1088295/1228306] d=30 t=10575s
26793/11299 [1088296/1088295/1228306] d=51 t=10580s
26817/11308 [1088297/1088297/1228306] d=47 t=10591s
26840/11318 [1088298/1088298/1228306] d=53 t=10600s
26864/11326 [1088299/1088299/1228306] d=46 t=10610s
26879/11334 [1088299/1088299/1228306] d=46 t=10620s
26899/11339 [1088300/1088300/1228306] d=39 t=10630s
26915/11348 [1088301/1088301/1228306] d=51 t=10640s
26935/11356 [1088301/1088301/1228306] d=46 t=10650s
26954/11370 [1088302/1088302/1228306] d=31 t=10660s
26978/11379 [1088303/1088303/1228306] d=41 t=10670s
26993/11387 [1088303/1088303/1228306] d=58 t=10680s
27017/11398 [1088304/1088304/1228306] d=61 t=10690s
27044/11406 [1088305/1088305/1228306] d=44 t=10700s
27060/11419 [1088305/1088305/1228306] d=42 t=10710s
27075/11430 [1088305/1088305/1228306] d=34 t=10720s
27100/11440 [1088307/1088307/1228306] d=66 t=10730s
27124/11450 [1088308/1088308/1228306] d=38 t=10740s
27137/11458 [1088308/1088308/1228306] d=77 t=10750s
27142/11463 [1088308/1088308/1228306] d=44 t=10760s
27154/11463 [1088308/1088308/1228306] d=38 t=10770s
27161/11467 [1088309/1088309/1228306] d=39 t=10780s
27173/11476 [1088309/1088309/1228306] d=48 t=10790s
27188/11481 [1088309/1088309/1228306] d=54 t=10800s
27200/11482 [1088309/1088309/1228306] d=39 t=10810s
27211/11490 [1088310/1088310/1228306] d=44 t=10821s
27215/11492 [1088310/1088310/1228306] d=26 t=10840s
27216/11493 [1088310/1088310/1228306] d=38 t=10841s
27221/11493 [1088310/1088310/1228306] d=46 t=10852s
27226/11497 [1088311/1088311/1228306] d=41 t=10860s
27239/11500 [1088312/1088312/1228306] d=49 t=10871s
27242/11503 [1088312/1088312/1228306] d=57 t=10880s
27256/11508 [1088312/1088312/1228306] d=32 t=10891s
27274/11516 [1088313/1088313/1228306] d=68 t=10900s
27293/11522 [1088314/1088313/1228306] d=39 t=10910s
27311/11529 [1088315/1088314/1228306] d=46 t=10920s
